# stats: dump at 1668749473
stats: users 0 3
stats: {freemem,"tsung_controller@ip-172-31-53-222"} 1 663.51953125 0 663.51953125 663.51953125 0 0
stats: {load,"tsung_controller@ip-172-31-53-222"} 1 0.0 0 0.0 0.0 0 0
stats: {cpu,"tsung_controller@ip-172-31-53-222"} 1 0.22226006033883774 0 0.22226006033883774 0.22226006033883774 0 0
stats: session 16 313.68037499999997 89.40130330137463 550.338 201.927 0 0
stats: users_count 16 16
stats: finish_users_count 16 16
stats: request 111 30.119900900900898 23.114588695794804 154.798 5.627 0 0
stats: connect 16 1.6215625 1.321745057147463 6.519 1.02 0 0
stats: tr_BACK_TO_HOME_PAGE 16 45.2740625 16.439612763340676 89.012 27.062 0 0
stats: page 31 155.62829032258065 53.72301738709189 317.463 85.488 0 0
stats: tr_VIEW_POST 16 20.3445625 5.844029089258005 38.896 14.579 0 0
stats: tr_LOG_IN 16 169.601375 47.675919049708675 299.844 114.099 0 0
stats: tr_VIEW_ANOTHER_TAG 15 35.5336 14.945345084897395 74.956 21.497 0 0
stats: 302 16 16
stats: tr_VIEW_TAG 16 40.968374999999995 31.70085720425198 155.009 20.509 0 0
stats: 200 96 96
stats: size_rcv 13606215 13606215
stats: size_sent 52151 52151
stats: connected 1 1
# stats: dump at 1668749483
stats: users 0 4
stats: {freemem,"tsung_controller@ip-172-31-53-222"} 1 641.3828125 0.0 663.51953125 641.3828125 663.51953125 1
stats: {load,"tsung_controller@ip-172-31-53-222"} 1 0.0 0.0 0.0 0.0 0.0 1
stats: {cpu,"tsung_controller@ip-172-31-53-222"} 1 8.95447723861931 0.0 8.95447723861931 0.22226006033883774 0.22226006033883774 1
stats: session 20 321.7838499999999 114.89362414654472 570.266 195.662 313.68037499999997 16
stats: users_count 20 36
stats: finish_users_count 20 36
stats: tr_BACK_TO_HOME_PAGE 19 47.88194736842105 32.60875662258397 168.358 26.325 45.2740625 16
stats: 302 20 36
stats: request 139 29.640928057553943 27.598822289449373 184.367 5.344 30.119900900900898 111
stats: page 40 160.49877500000002 70.28362407932858 365.239 80.141 155.62829032258065 31
stats: tr_VIEW_POST 20 22.32295 10.549306837299785 57.586 13.05 20.3445625 16
stats: 200 118 214
stats: tr_LOG_IN 20 181.2225 68.97014978778861 362.371 112.897 169.601375 16
stats: size_rcv 16985603 30591818
stats: tr_VIEW_ANOTHER_TAG 20 33.93925 15.936500697690821 86.727 19.63 35.5336 15
stats: size_sent 64761 116912
stats: tr_VIEW_TAG 20 34.098349999999996 20.811333893518214 155.009 19.318 40.968374999999995 16
stats: connected 0 1
stats: connect 20 1.7371500000000002 0.8178416885314664 6.519 1.02 1.6215625 16
# stats: dump at 1668749493
stats: users 0 4
stats: {freemem,"tsung_controller@ip-172-31-53-222"} 1 634.5390625 0.0 663.51953125 634.5390625 652.451171875 2
stats: {load,"tsung_controller@ip-172-31-53-222"} 1 0.0 0.0 0.0 0.0 0.0 2
stats: {cpu,"tsung_controller@ip-172-31-53-222"} 1 13.724515166583789 0.0 13.724515166583789 0.22226006033883774 4.588368649479074 2
stats: session 23 284.90717391304355 68.65515375103642 570.266 195.662 318.1823055555555 36
stats: users_count 23 59
stats: finish_users_count 23 59
stats: connect 23 1.4512608695652174 0.40729054018106403 6.519 1.02 1.6857777777777778 36
stats: tr_BACK_TO_HOME_PAGE 24 38.59579166666666 11.797652110975179 168.358 26.325 46.689771428571426 35
stats: request 162 25.560586419753072 15.36178973331014 184.367 5.344 29.85359199999999 250
stats: tr_VIEW_POST 23 20.619130434782615 7.091801128335195 57.586 13.05 21.443666666666665 36
stats: page 46 140.9147608695652 42.41340932298816 365.239 80.141 158.37222535211268 71
stats: 302 23 59
stats: tr_LOG_IN 23 156.78656521739134 46.26254065451837 362.371 112.897 176.05755555555555 36
stats: 200 139 353
stats: tr_VIEW_ANOTHER_TAG 23 35.41552173913044 13.533714994556195 86.727 19.63 34.62254285714286 35
stats: size_rcv 20023159 50614977
stats: tr_VIEW_TAG 23 30.56513043478261 9.652943715483435 155.009 19.318 37.15169444444444 36
stats: size_sent 75524 192436
stats: connected 0 1
# stats: dump at 1668749503
stats: users 0 4
stats: {freemem,"tsung_controller@ip-172-31-53-222"} 1 636.515625 0.0 663.51953125 634.5390625 646.48046875 3
stats: {load,"tsung_controller@ip-172-31-53-222"} 1 0.078125 0.0 0.078125 0.0 0.0 3
stats: {cpu,"tsung_controller@ip-172-31-53-222"} 1 11.76470588235294 0.0 13.724515166583789 0.22226006033883774 7.633750821847312 3
stats: session 8 274.43362499999995 69.2390754901766 570.266 195.662 305.21064406779664 59
stats: users_count 8 67
stats: finish_users_count 8 67
stats: request 54 26.296129629629625 19.142143771005976 184.367 5.236 28.165565533980573 412
stats: connect 8 1.528 0.8572655656212957 6.519 1.02 1.59435593220339 59
stats: page 16 135.12268749999998 40.236238707660576 365.239 80.141 151.5086068376068 117
stats: tr_BACK_TO_HOME_PAGE 7 45.86757142857143 14.670804280778128 168.358 26.325 43.39730508474576 59
stats: 302 8 67
stats: tr_VIEW_POST 7 18.341999999999995 5.035457873917723 57.586 13.05 21.122237288135597 59
stats: 200 46 399
stats: tr_LOG_IN 8 149.762 31.075239725543543 362.371 112.897 168.54513559322035 59
stats: size_rcv 6556014 57170991
stats: tr_VIEW_ANOTHER_TAG 8 28.890124999999998 14.654704879641042 86.727 19.63 34.937000000000005 58
stats: newphase 1 1
stats: tr_VIEW_TAG 8 30.78125 14.91592873197978 155.009 18.422 34.584050847457625 59
stats: size_sent 25067 217503
stats: connected 0 1
# stats: dump at 1668749513
stats: users 0 4
stats: {freemem,"tsung_controller@ip-172-31-53-222"} 1 637.9453125 0.0 663.51953125 634.5390625 643.9892578125 4
stats: {load,"tsung_controller@ip-172-31-53-222"} 1 0.0703125 0.0 0.078125 0.0 0.01953125 4
stats: {cpu,"tsung_controller@ip-172-31-53-222"} 1 3.8442336495257114 0.0 13.724515166583789 0.22226006033883774 8.66648958697372 4
stats: session 7 270.39757142857144 60.7016027556278 570.266 195.662 301.535776119403 67
stats: users_count 7 74
stats: finish_users_count 7 74
stats: request 52 24.759999999999998 15.068336624039983 184.367 5.236 27.948935622317588 466
stats: connect 7 1.4945714285714284 0.5717279215907953 6.519 1.02 1.5864328358208957 67
stats: page 15 131.31413333333336 40.596968615676495 365.239 80.141 149.5373684210526 133
stats: tr_BACK_TO_HOME_PAGE 8 35.2755 8.375260369087043 168.358 26.325 43.65930303030302 66
stats: 302 7 74
stats: tr_VIEW_POST 8 19.824875 3.622703908598521 57.586 13.05 20.82736363636364 66
stats: 200 45 444
stats: tr_LOG_IN 7 151.3344285714286 46.95436129707577 362.371 112.897 166.30237313432835 67
stats: size_rcv 6446598 63617589
stats: tr_VIEW_ANOTHER_TAG 8 30.015625 8.093663338339134 86.727 19.63 34.20404545454546 66
stats: newphase 0 1
stats: tr_VIEW_TAG 7 29.19814285714286 10.301798919586414 155.009 18.422 34.129985074626866 67
stats: size_sent 23825 241328
stats: connected -1 0
# stats: dump at 1668749523
stats: users 0 4
stats: {freemem,"tsung_controller@ip-172-31-53-222"} 1 637.71484375 0.0 663.51953125 634.5390625 642.78046875 5
stats: {load,"tsung_controller@ip-172-31-53-222"} 1 0.05859375 0.0 0.078125 0.0 0.0296875 5
stats: {cpu,"tsung_controller@ip-172-31-53-222"} 1 4.840319361277445 0.0 13.724515166583789 0.22226006033883774 7.702038399484119 5
stats: session 14 291.22242857142857 74.26025520974412 570.266 195.662 298.59027027027025 74
stats: users_count 14 88
stats: finish_users_count 14 88
stats: request 91 27.457912087912085 19.452000503153627 184.367 5.236 27.628810810810805 518
stats: tr_BACK_TO_HOME_PAGE 13 40.69146153846153 14.397227840084005 168.358 26.325 42.75294594594594 74
stats: 302 13 87
stats: connect 13 1.3509230769230771 0.19937882826359307 6.519 1.02 1.5777432432432434 74
stats: tr_VIEW_POST 13 26.402846153846152 17.681031282340424 75.914 13.05 20.71898648648649 74
stats: 200 78 522
stats: tr_LOG_IN 13 160.0723076923077 47.01287695512403 362.371 112.897 164.8864864864865 74
stats: size_rcv 11125124 74742713
stats: tr_VIEW_ANOTHER_TAG 13 32.18599999999999 15.80179840787361 86.727 19.63 33.751243243243245 74
stats: page 26 145.21326923076924 52.2348987618267 365.239 80.141 147.6904189189189 148
stats: newphase 0 1
stats: tr_VIEW_TAG 13 31.386384615384618 17.14803237216114 155.009 18.422 33.66345945945946 74
stats: size_sent 42462 283790
stats: connected 0 0
# stats: dump at 1668749533
stats: users 0 4
stats: {freemem,"tsung_controller@ip-172-31-53-222"} 1 634.6171875 0.0 663.51953125 634.5390625 641.9361979166666 6
stats: {load,"tsung_controller@ip-172-31-53-222"} 1 0.05078125 0.0 0.078125 0.0 0.034505208333333336 6
stats: {cpu,"tsung_controller@ip-172-31-53-222"} 1 6.723107569721115 0.0 13.724515166583789 0.22226006033883774 7.225085226449672 6
stats: session 6 262.916 34.11096015945608 570.266 195.662 297.41811363636367 88
stats: users_count 6 94
stats: finish_users_count 6 94
stats: request 49 24.42161224489795 13.43216582717879 184.367 5.236 27.603274220032834 609
stats: connect 7 1.5884285714285717 0.5490451079940927 6.519 1.02 1.543850574712644 87
stats: page 14 129.97921428571428 23.69683659472164 365.239 80.141 147.32027011494253 174
stats: tr_BACK_TO_HOME_PAGE 7 37.06957142857142 4.3768718071616535 168.358 26.325 42.444908045977 87
stats: 302 7 94
stats: tr_VIEW_POST 7 20.534285714285712 5.850139893670082 75.914 13.05 21.568298850574713 87
stats: 200 42 564
stats: tr_LOG_IN 7 144.94585714285714 19.74652606285522 362.371 112.897 164.16712643678161 87
stats: size_rcv 6031404 80774117
stats: tr_VIEW_ANOTHER_TAG 7 25.69242857142857 3.879463617458435 86.727 19.63 33.51735632183908 87
stats: newphase 1 2
stats: tr_VIEW_TAG 7 31.956142857142858 8.54176536501796 155.009 18.422 33.323206896551724 87
stats: size_sent 22816 306606
stats: connected 0 0
# stats: dump at 1668749543
stats: users 0 4
stats: {freemem,"tsung_controller@ip-172-31-53-222"} 1 643.4921875 0.0 663.51953125 634.5390625 640.890625 7
stats: {load,"tsung_controller@ip-172-31-53-222"} 1 0.0390625 0.0 0.078125 0.0 0.036830357142857144 7
stats: {cpu,"tsung_controller@ip-172-31-53-222"} 1 2.35 0.0 13.724515166583789 0.22226006033883774 7.153374132631307 7
stats: session 6 266.608 23.776617126916932 570.266 195.662 295.2158510638298 94
stats: users_count 6 100
stats: finish_users_count 6 100
stats: request 42 25.614571428571427 14.791081581146662 184.367 5.236 27.36634194528875 658
stats: connect 6 2.029666666666667 1.1852723550119422 6.519 1.02 1.5471702127659577 94
stats: page 12 131.92825 22.479921793773357 365.239 80.141 146.028914893617 188
stats: tr_BACK_TO_HOME_PAGE 6 44.219833333333334 11.175654767047085 168.358 26.325 42.044617021276586 94
stats: 302 6 100
stats: tr_VIEW_POST 6 18.442833333333333 3.381465432652272 75.914 13.05 21.491297872340425 94
stats: 200 36 600
stats: tr_LOG_IN 6 142.34050000000002 23.508223970559737 362.371 112.897 162.73575531914895 94
stats: size_rcv 5190658 85964775
stats: tr_VIEW_ANOTHER_TAG 6 27.333166666666667 5.652802414633726 86.727 19.63 32.93464893617022 94
stats: newphase 0 2
stats: tr_VIEW_TAG 6 31.739 7.183868154877753 155.009 18.422 33.22140425531915 94
stats: size_sent 19531 326137
stats: connected 0 0
# stats: dump at 1668749553
stats: users 0 4
stats: {freemem,"tsung_controller@ip-172-31-53-222"} 1 641.98828125 0.0 663.51953125 634.5390625 641.2158203125 8
stats: {load,"tsung_controller@ip-172-31-53-222"} 1 0.03125 0.0 0.078125 0.0 0.037109375 8
stats: {cpu,"tsung_controller@ip-172-31-53-222"} 1 3.8038038038038042 0.0 13.724515166583789 0.22226006033883774 6.552952366052394 8
stats: session 5 353.98819999999995 51.041750919810745 570.266 195.662 293.49938000000003 100
stats: users_count 5 105
stats: finish_users_count 5 105
stats: request 35 29.31677142857143 18.325195829139904 184.367 5.236 27.26123571428571 700
stats: connect 5 2.0232 1.70732520628028 6.519 1.02 1.5761200000000002 100
stats: 302 5 105
stats: page 10 174.89549999999997 48.987164007013114 365.239 80.141 145.182875 200
stats: 200 30 630
stats: size_rcv 4364318 90329093
stats: tr_BACK_TO_HOME_PAGE 5 49.2174 13.29669419968738 168.358 26.325 42.17512999999999 100
stats: newphase 0 2
stats: tr_VIEW_POST 5 26.7956 11.543296420000656 75.914 13.05 21.30839 100
stats: size_sent 16322 342459
stats: tr_LOG_IN 5 208.2214 45.19887753739023 362.371 112.897 161.51204 100
stats: connected 0 0
stats: tr_VIEW_ANOTHER_TAG 5 36.662 16.288883743215802 86.727 19.63 32.598560000000006 100
stats: tr_VIEW_TAG 5 30.017000000000003 7.791276198415765 155.009 18.422 33.13246000000001 100
# stats: dump at 1668749563
stats: users 0 4
stats: {freemem,"tsung_controller@ip-172-31-53-222"} 1 651.12109375 0.0 663.51953125 634.5390625 641.3016493055555 9
stats: {load,"tsung_controller@ip-172-31-53-222"} 1 0.171875 0.0 0.171875 0.0 0.036458333333333336 9
stats: {cpu,"tsung_controller@ip-172-31-53-222"} 1 3.0 0.0 13.724515166583789 0.22226006033883774 6.2474914146914395 9
stats: session 3 274.37433333333337 18.70653301805429 570.266 195.662 296.3798 105
stats: users_count 3 108
stats: finish_users_count 3 108
stats: request 21 27.81052380952381 14.799204890543622 184.367 5.236 27.359118367346934 735
stats: connect 3 1.2433333333333334 0.048623268321064346 6.519 1.02 1.5974095238095238 105
stats: page 6 135.80933333333334 13.809887564913607 365.239 80.141 146.5977619047619 210
stats: tr_BACK_TO_HOME_PAGE 3 49.508 5.485605587960793 168.358 26.325 42.510476190476176 105
stats: 302 3 108
stats: tr_VIEW_POST 3 27.829666666666668 4.724460133767195 75.914 13.05 21.569685714285715 105
stats: 200 18 648
stats: tr_LOG_IN 3 127.38933333333334 5.977041315641783 362.371 112.897 163.73629523809527 105
stats: size_rcv 2594304 92923397
stats: tr_VIEW_ANOTHER_TAG 3 37.605 11.565091468149602 86.727 19.63 32.792057142857146 105
stats: newphase 1 3
stats: tr_VIEW_TAG 3 29.530666666666665 6.531399764896411 155.009 18.422 32.984104761904774 105
stats: size_sent 9775 352234
stats: connected 0 0
# stats: dump at 1668749573
stats: users 1 4
stats: {freemem,"tsung_controller@ip-172-31-53-222"} 1 640.30859375 0.0 663.51953125 634.5390625 642.28359375 10
stats: {load,"tsung_controller@ip-172-31-53-222"} 1 0.1484375 0.0 0.171875 0.0 0.05 10
stats: {cpu,"tsung_controller@ip-172-31-53-222"} 1 1.3032581453634084 0.0 13.724515166583789 0.22226006033883774 5.922742273222296 10
stats: session 1 277.204 0.0 570.266 195.662 295.768537037037 108
stats: users_count 2 110
stats: finish_users_count 1 109
stats: request 7 28.59771428571429 12.15692376166515 184.367 5.236 27.371657407407405 756
stats: connect 1 1.269 0.0 6.519 1.02 1.587574074074074 108
stats: page 2 137.2535 5.4424999999999955 365.239 80.141 146.29808333333335 216
stats: tr_BACK_TO_HOME_PAGE 1 48.87 0.0 168.358 26.325 42.70485185185184 108
stats: 302 1 109
stats: tr_VIEW_POST 1 31.268 0.0 75.914 13.05 21.743574074074075 108
stats: 200 6 654
stats: tr_LOG_IN 1 132.301 0.0 362.371 112.897 162.72665740740743 108
stats: size_rcv 842995 93766392
stats: tr_VIEW_ANOTHER_TAG 1 24.094 0.0 86.727 19.63 32.92575 108
stats: newphase 0 3
stats: tr_VIEW_TAG 1 38.22 0.0 155.009 18.422 32.88817592592594 108
stats: size_sent 3242 355476
stats: connected 0 0
# stats: dump at 1668749583
stats: users 0 4
stats: {freemem,"tsung_controller@ip-172-31-53-222"} 1 640.45703125 0.0 663.51953125 634.5390625 642.1040482954545 11
stats: {load,"tsung_controller@ip-172-31-53-222"} 1 0.12109375 0.0 0.171875 0.0 0.05894886363636364 11
stats: {cpu,"tsung_controller@ip-172-31-53-222"} 1 1.0494752623688157 0.0 13.724515166583789 0.22226006033883774 5.50278917068967 11
stats: session 2 221.2405 6.309499999999993 570.266 195.662 295.5982201834862 109
stats: users_count 1 111
stats: finish_users_count 2 111
stats: request 14 20.093285714285717 10.429490395909445 184.367 5.236 27.382905635648754 763
stats: connect 2 1.1575000000000002 0.051500000000000046 6.519 1.02 1.584651376146789 109
stats: page 4 109.22449999999999 15.520886725635231 365.239 80.141 146.2151055045872 218
stats: tr_BACK_TO_HOME_PAGE 2 30.3985 0.4204999999999979 168.358 26.325 42.761412844036684 109
stats: 302 2 111
stats: tr_VIEW_POST 2 14.693 0.7850000000000001 75.914 13.05 21.830954128440368 109
stats: 200 12 666
stats: tr_LOG_IN 2 124.757 1.181000000000008 362.371 112.897 162.44752293577983 109
stats: size_rcv 1737391 95503783
stats: tr_VIEW_ANOTHER_TAG 2 21.747500000000002 0.9545000000000003 86.727 19.63 32.8447247706422 109
stats: newphase 0 3
stats: tr_VIEW_TAG 2 27.112000000000002 4.857000000000002 155.009 18.422 32.93709174311928 109
stats: size_sent 6545 362021
stats: connected 0 0
# stats: dump at 1668749593
stats: users 1 4
stats: {freemem,"tsung_controller@ip-172-31-53-222"} 1 647.81640625 0.0 663.51953125 634.5390625 641.966796875 12
stats: {load,"tsung_controller@ip-172-31-53-222"} 1 0.1015625 0.0 0.171875 0.0 0.06412760416666667 12
stats: {cpu,"tsung_controller@ip-172-31-53-222"} 1 0.5997001499250375 0.0 13.724515166583789 0.22226006033883774 5.1316796783296 12
stats: session 2 281.248 40.38299999999998 570.266 195.662 294.2584414414414 111
stats: users_count 3 114
stats: finish_users_count 2 113
stats: request 14 27.821928571428572 18.63035503252032 184.367 5.236 27.251561132561132 777
stats: connect 2 1.8655 0.5405000000000001 6.519 1.02 1.576954954954955 111
stats: page 4 139.26049999999998 30.588139282244672 365.239 80.141 145.54860810810817 222
stats: tr_BACK_TO_HOME_PAGE 2 41.777499999999996 11.217499999999998 168.358 26.325 42.538657657657645 111
stats: 302 2 113
stats: tr_VIEW_POST 2 20.2365 3.028500000000001 75.914 13.05 21.70234234234234 111
stats: 200 12 678
stats: tr_LOG_IN 2 161.8555 26.4215 362.371 112.897 161.76841441441442 111
stats: size_rcv 1707421 97211204
stats: tr_VIEW_ANOTHER_TAG 2 30.229 8.802999999999999 86.727 19.63 32.644774774774774 111
stats: newphase 1 4
stats: tr_VIEW_TAG 2 24.659 3.0050000000000017 155.009 18.422 32.832135135135154 111
stats: size_sent 6524 368545
stats: connected 0 0
# stats: dump at 1668749599
stats: users 0 4
stats: {freemem,"tsung_controller@ip-172-31-53-222"} 1 640.8046875 0.0 663.51953125 634.5390625 642.4167668269231 13
stats: {load,"tsung_controller@ip-172-31-53-222"} 1 0.08984375 0.0 0.171875 0.0 0.06700721153846154 13
stats: {cpu,"tsung_controller@ip-172-31-53-222"} 1 1.5952143569292123 0.0 13.724515166583789 0.22226006033883774 4.783065868452325 13
stats: session 1 290.007 0.0 570.266 195.662 294.0281681415929 113
stats: users_count 0 114
stats: finish_users_count 1 114
stats: request 7 25.716 15.49914795814826 184.367 5.236 27.261656131479143 791
stats: connect 1 1.182 0.0 6.519 1.02 1.582061946902655 113
stats: page 2 143.6585 31.2885 365.239 80.141 145.4373141592921 226
stats: tr_BACK_TO_HOME_PAGE 1 28.768 0.0 168.358 26.325 42.525185840707955 113
stats: 302 1 114
stats: tr_VIEW_POST 1 16.083 0.0 75.914 13.05 21.676398230088495 113
stats: 200 6 684
stats: tr_LOG_IN 1 175.366 0.0 362.371 112.897 161.7699557522124 113
stats: size_rcv 865893 98077097
stats: tr_VIEW_ANOTHER_TAG 1 22.29 0.0 86.727 19.63 32.602017699115045 113
stats: newphase 0 4
stats: tr_VIEW_TAG 1 45.06 0.0 155.009 18.422 32.687477876106215 113
stats: size_sent 3243 371788
stats: connected 0 0
EndMonitor:{1668,749599,453775}
