# stats: dump at 1668738223
stats: users 3 6
stats: {freemem,"tsung_controller@ip-172-31-62-231"} 1 665.7578125 0 665.7578125 665.7578125 0 0
stats: {load,"tsung_controller@ip-172-31-62-231"} 1 0.0 0 0.0 0.0 0 0
stats: {cpu,"tsung_controller@ip-172-31-62-231"} 1 0.45670020974887193 0 0.45670020974887193 0.45670020974887193 0 0
stats: session 10 2411.5494 1686.5598715714896 6300.82 315.092 0 0
stats: users_count 13 13
stats: finish_users_count 10 10
stats: tr_VIEW_Profile 9 22.003333333333334 16.276109793190756 66.901 12.615 0 0
stats: request 71 17.604253521126758 12.077440082642163 70.31 5.653 0 0
stats: connect 13 1.926923076923077 1.1771959814313948 5.739 1.178 0 0
stats: page 31 47.95506451612902 24.37083357004974 107.551 14.553 0 0
stats: 302 18 18
stats: tr_LOG_IN 9 1900.8548888888884 1157.8366973329037 3585.134 178.216 0 0
stats: 200 53 53
stats: tr_VIEW_TAG 9 20.29422222222222 6.49273239481016 34.841 15.025 0 0
stats: size_rcv 2500767 2500767
stats: tr_CREATE_TAG 9 34.09433333333333 8.294208394348965 51.394 25.155 0 0
stats: size_sent 38047 38047
stats: connected 4 4
# stats: dump at 1668738233
stats: users 9 9
stats: {freemem,"tsung_controller@ip-172-31-62-231"} 1 648.3671875 0.0 665.7578125 648.3671875 665.7578125 1
stats: {load,"tsung_controller@ip-172-31-62-231"} 1 0.16015625 0.0 0.16015625 0.0 0.0 1
stats: {cpu,"tsung_controller@ip-172-31-62-231"} 1 2.6433915211970076 0.0 2.6433915211970076 0.45670020974887193 0.45670020974887193 1
stats: session 10 4271.3413 3770.684933590502 12495.604 315.092 2411.5494 10
stats: users_count 16 29
stats: finish_users_count 10 20
stats: request 85 15.829623529411768 9.227318034894726 70.31 5.601 17.604253521126758 71
stats: connect 15 1.3679999999999997 0.2840908305454436 5.739 1.138 1.926923076923077 13
stats: page 37 43.35908108108108 20.737687146415702 107.551 14.043 47.95506451612902 31
stats: tr_VIEW_Profile 11 18.410454545454545 7.25447576407629 66.901 12.277 22.003333333333334 9
stats: tr_LOG_IN 11 4382.32009090909 3634.6588000948077 12422.835 178.216 1900.8548888888884 9
stats: 302 22 40
stats: tr_VIEW_TAG 11 20.982636363636363 6.057425890031438 34.841 14.436 20.29422222222222 9
stats: 200 63 116
stats: tr_CREATE_TAG 11 32.085 8.098236306303198 52.708 24.711 34.09433333333333 9
stats: size_rcv 3033982 5534749
stats: size_sent 44328 82375
stats: connected 4 8
# stats: dump at 1668738243
stats: users 1 9
stats: {freemem,"tsung_controller@ip-172-31-62-231"} 1 642.15625 0.0 665.7578125 642.15625 657.0625 2
stats: {load,"tsung_controller@ip-172-31-62-231"} 1 0.12890625 0.0 0.16015625 0.0 0.080078125 2
stats: {cpu,"tsung_controller@ip-172-31-62-231"} 1 2.45 0.0 2.6433915211970076 0.45670020974887193 1.5500458654729399 2
stats: session 9 3939.6688888888884 3038.349541913484 12495.604 315.092 3341.4453500000004 20
stats: users_count 1 30
stats: finish_users_count 9 29
stats: request 49 17.90014285714286 15.90217542684404 108.099 5.601 16.637307692307694 156
stats: connect 2 1.2275 0.03249999999999997 5.739 1.138 1.6274999999999997 28
stats: tr_VIEW_Profile 9 17.903999999999996 6.328890353854386 66.901 12.277 20.02725 20
stats: page 20 45.432599999999994 33.543371627491474 140.613 13.369 45.4543088235294 68
stats: 302 18 58
stats: tr_LOG_IN 9 3855.7461111111106 3030.5565221973648 12422.835 178.216 3265.6607499999996 20
stats: 200 31 147
stats: tr_VIEW_TAG 9 22.00722222222222 6.238890584743017 35.438 14.436 20.67285 20
stats: size_rcv 1356996 6891745
stats: tr_CREATE_TAG 9 42.07077777777778 29.288062463049787 121.094 24.711 32.9892 20
stats: size_sent 31036 113411
stats: connected -7 1
# stats: dump at 1668738253
stats: users 6 9
stats: {freemem,"tsung_controller@ip-172-31-62-231"} 1 652.10546875 0.0 665.7578125 642.15625 652.09375 3
stats: {load,"tsung_controller@ip-172-31-62-231"} 1 0.109375 0.0 0.16015625 0.0 0.09635416666666667 3
stats: {cpu,"tsung_controller@ip-172-31-62-231"} 1 0.949050949050949 0.0 2.6433915211970076 0.45670020974887193 1.85003057698196 3
stats: session 11 2371.016 2635.048151774667 12495.604 144.062 3527.1009310344825 29
stats: users_count 16 46
stats: finish_users_count 11 40
stats: request 80 26.090025000000008 37.56317278431595 326.604 5.373 16.939156097560975 205
stats: connect 15 1.5896666666666666 0.6861261950658607 5.739 1.138 1.600833333333333 30
stats: page 35 67.04171428571428 69.95952976913415 422.906 13.369 45.44937499999999 88
stats: tr_VIEW_Profile 10 33.34829999999999 20.78620131264969 80.189 12.277 19.368310344827584 29
stats: 302 20 78
stats: tr_LOG_IN 10 2174.1797 2749.472933400875 12422.835 69.286 3448.790689655172 29
stats: 200 60 207
stats: tr_VIEW_TAG 10 30.3906 17.888723655979486 73.611 14.436 21.086965517241378 29
stats: size_rcv 3032749 9924494
stats: tr_CREATE_TAG 10 76.97160000000001 92.2307061853047 350.827 24.711 35.80762068965517 29
stats: newphase 1 1
stats: size_sent 41808 155219
stats: connected 5 6
# stats: dump at 1668738263
stats: users 7 12
stats: {freemem,"tsung_controller@ip-172-31-62-231"} 1 646.85546875 0.0 665.7578125 642.15625 652.0966796875 4
stats: {load,"tsung_controller@ip-172-31-62-231"} 1 0.1015625 0.0 0.16015625 0.0 0.099609375 4
stats: {cpu,"tsung_controller@ip-172-31-62-231"} 1 2.9455816275586617 0.0 2.9455816275586617 0.45670020974887193 1.6247856699992071 4
stats: session 16 3756.4939375000004 3416.4030177427744 12502.245 144.062 3209.177575 40
stats: users_count 17 63
stats: finish_users_count 16 56
stats: request 121 19.068851239669424 17.44755830541471 326.604 5.373 19.507821052631584 285
stats: connect 18 2.0225000000000004 1.4743028201680806 7.226 1.138 1.597111111111111 45
stats: page 52 52.33555769230769 36.18951404992541 422.906 13.369 51.59353658536585 123
stats: tr_VIEW_Profile 17 19.481411764705882 8.379582841356468 80.189 11.868 22.95292307692307 39
stats: 302 34 112
stats: tr_LOG_IN 17 3615.899882352941 3329.890975223149 12440.195 69.286 3121.967358974359 39
stats: 200 87 294
stats: tr_VIEW_TAG 17 26.863058823529418 12.714711509163143 73.611 14.436 23.47251282051282 39
stats: size_rcv 4397778 14322272
stats: tr_CREATE_TAG 17 42.64223529411764 30.7397011113515 350.827 24.477 46.362487179487175 39
stats: newphase 0 1
stats: size_sent 66818 222037
stats: connected 1 7
# stats: dump at 1668738273
stats: users 4 12
stats: {freemem,"tsung_controller@ip-172-31-62-231"} 1 640.20703125 0.0 665.7578125 640.20703125 651.0484375 5
stats: {load,"tsung_controller@ip-172-31-62-231"} 1 0.078125 0.0 0.16015625 0.0 0.1 5
stats: {cpu,"tsung_controller@ip-172-31-62-231"} 1 3.422619047619048 0.0 3.422619047619048 0.45670020974887193 1.888944861511098 5
stats: session 23 3328.620521739131 3243.913013278319 12844.434 144.062 3365.5536785714285 56
stats: users_count 20 83
stats: finish_users_count 23 79
stats: request 153 17.03761437908499 7.835258199151767 326.604 5.373 19.376995073891628 406
stats: connect 19 1.4427368421052629 0.46142740115580055 7.226 0.994 1.7186507936507938 63
stats: page 65 46.25673846153848 20.074766305586365 422.906 13.369 51.814022857142845 175
stats: tr_VIEW_Profile 23 19.265130434782606 6.80702229673182 80.189 11.868 21.899071428571425 56
stats: 302 46 158
stats: tr_LOG_IN 23 3249.904652173914 3241.4687901728134 12749.962 69.286 3271.9111607142854 56
stats: 200 107 401
stats: tr_VIEW_TAG 23 23.588869565217397 5.414021099076696 73.611 14.436 24.501785714285713 56
stats: size_rcv 5517373 19839645
stats: tr_CREATE_TAG 23 33.830608695652174 8.490692846923269 350.827 23.903 45.23312499999999 56
stats: newphase 0 1
stats: size_sent 87262 309299
stats: connected -4 3
# stats: dump at 1668738283
stats: users 14 16
stats: {freemem,"tsung_controller@ip-172-31-62-231"} 1 644.453125 0.0 665.7578125 640.20703125 649.2415364583334 6
stats: {load,"tsung_controller@ip-172-31-62-231"} 1 0.0703125 0.0 0.16015625 0.0 0.09635416666666667 6
stats: {cpu,"tsung_controller@ip-172-31-62-231"} 1 2.6919242273180455 0.0 3.422619047619048 0.45670020974887193 2.144557225862423 6
stats: session 24 2073.2142500000004 1946.5188918720658 12844.434 144.062 3354.800987341772 79
stats: users_count 34 117
stats: finish_users_count 24 103
stats: request 184 17.02591304347825 11.832285870753005 326.604 5.299 18.736699463327376 559
stats: connect 35 1.4765999999999995 0.4804546180442019 7.226 0.994 1.6547195121951221 82
stats: page 81 47.81397530864196 25.6812896853064 422.906 13.369 50.308925 240
stats: tr_VIEW_Profile 22 15.524181818181814 2.9119840727018795 80.189 11.868 21.132227848101262 79
stats: 302 46 204
stats: tr_LOG_IN 24 1997.4016666666664 1940.7242225268135 12749.962 69.286 3265.5042025316457 79
stats: tr_VIEW_TAG 22 22.489954545454548 8.360206698604314 73.611 14.436 24.236 79
stats: 200 138 539
stats: tr_CREATE_TAG 22 36.631954545454555 10.107890412387885 350.827 23.903 41.91340506329114 79
stats: size_rcv 7758048 27597693
stats: newphase 1 2
stats: size_sent 96712 406011
stats: connected 13 16
# stats: dump at 1668738293
stats: users 11 19
stats: {freemem,"tsung_controller@ip-172-31-62-231"} 1 627.984375 0.0 665.7578125 627.984375 648.5574776785714 7
stats: {load,"tsung_controller@ip-172-31-62-231"} 1 0.05859375 0.0 0.16015625 0.0 0.09263392857142858 7
stats: {cpu,"tsung_controller@ip-172-31-62-231"} 1 4.813895781637717 0.0 4.813895781637717 0.45670020974887193 2.2227525117846545 7
stats: session 48 3385.5034583333345 3861.2414352604746 22369.104 133.817 3056.1788349514563 103
stats: users_count 45 162
stats: finish_users_count 48 151
stats: request 325 17.45339076923075 9.946005510272771 326.604 5.299 18.313032301480487 743
stats: connect 43 1.6660465116279073 1.1846271899766685 7.689 0.994 1.6014358974358973 117
stats: page 138 48.23620289855073 24.332217270958914 422.906 12.336 49.67935825545171 321
stats: tr_VIEW_Profile 48 17.69158333333334 5.765071941706847 80.189 10.461 19.91067326732673 101
stats: tr_LOG_IN 47 2902.559617021277 2718.289537651851 12749.962 58.361 2970.024 103
stats: tr_VIEW_TAG 48 22.524645833333334 5.408733587486011 73.611 14.436 23.855673267326736 101
stats: tr_CREATE_TAG 49 36.218224489795915 15.045825397377833 350.827 22.961 40.7629900990099 101
stats: 302 96 300
stats: 200 229 768
stats: size_rcv 13323918 40921611
stats: newphase 0 2
stats: size_sent 182765 588776
stats: connected -5 11
# stats: dump at 1668738303
stats: users 14 19
stats: {freemem,"tsung_controller@ip-172-31-62-231"} 1 613.8671875 0.0 665.7578125 613.8671875 645.98583984375 8
stats: {load,"tsung_controller@ip-172-31-62-231"} 1 0.05078125 0.0 0.16015625 0.0 0.08837890625 8
stats: {cpu,"tsung_controller@ip-172-31-62-231"} 1 7.068193130910901 0.0 7.068193130910901 0.45670020974887193 2.5466454205162874 8
stats: session 42 2861.07357142857 2082.603873481889 22369.104 115.08 3160.86480794702 151
stats: users_count 45 207
stats: finish_users_count 42 193
stats: connect 47 2.9312553191489368 4.33293318404119 24.917 0.994 1.6188000000000002 160
stats: page 128 79.12035937499999 65.25615395749259 422.906 12.336 49.24546840958605 459
stats: tr_VIEW_Profile 41 27.549902439024386 17.24759417766174 81.084 10.461 19.19579865771812 149
stats: 302 83 383
stats: tr_LOG_IN 42 3140.153952380952 3639.609518285234 22311.485 58.076 2948.8851600000003 150
stats: 200 217 985
stats: tr_VIEW_TAG 42 37.31152380952379 22.46268371071294 101.12 14.436 23.42688590604027 149
stats: request 299 27.14581939799334 26.121870215831287 326.604 5.299 18.051437265917603 1068
stats: size_rcv 13867179 54788790
stats: tr_CREATE_TAG 41 60.86865853658535 58.35699094476433 370.051 21.958 39.27836666666666 150
stats: newphase 0 2
stats: size_sent 164422 753198
stats: connected 6 17
# stats: dump at 1668738313
stats: users 1 19
stats: {freemem,"tsung_controller@ip-172-31-62-231"} 1 609.33203125 0.0 665.7578125 609.33203125 642.4171006944445 9
stats: {load,"tsung_controller@ip-172-31-62-231"} 1 0.0390625 0.0 0.16015625 0.0 0.0842013888888889 9
stats: {cpu,"tsung_controller@ip-172-31-62-231"} 1 7.639902676399027 0.0 7.639902676399027 0.45670020974887193 3.049039610560133 9
stats: session 13 3992.5310000000004 1698.9801137667175 22369.104 115.08 3095.6252642487048 193
stats: users_count 0 207
stats: finish_users_count 13 206
stats: connect 0 0 0 24.917 0.994 1.9167971014492755 207
stats: tr_VIEW_Profile 16 25.828312499999996 14.308371604233786 81.084 10.461 20.998526315789473 190
stats: 302 29 412
stats: request 77 26.103025974025982 23.697007048660396 326.604 5.299 20.040625457205568 1367
stats: tr_LOG_IN 14 3963.593214285714 1651.1609561359796 22311.485 58.076 2990.7252083333333 192
stats: page 32 66.46071875000003 48.86489230088559 422.906 12.336 55.75992504258943 587
stats: 200 47 1032
stats: tr_VIEW_TAG 15 44.772733333333335 41.70527218704556 193.437 14.436 26.48005235602094 191
stats: size_rcv 2723183 57511973
stats: tr_CREATE_TAG 15 44.84993333333334 17.577347807018242 370.051 21.958 43.91293193717277 191
stats: newphase 0 2
stats: size_sent 49146 802344
stats: connected -16 1
# stats: dump at 1668738318
stats: users 0 19
stats: {freemem,"tsung_controller@ip-172-31-62-231"} 1 650.375 0.0 665.7578125 609.33203125 639.10859375 10
stats: {load,"tsung_controller@ip-172-31-62-231"} 1 0.03125 0.0 0.16015625 0.0 0.0796875 10
stats: {cpu,"tsung_controller@ip-172-31-62-231"} 1 1.7473789316025963 0.0 7.639902676399027 0.45670020974887193 3.508125917144022 10
stats: session 1 13204.85 0.0 22369.104 115.08 3152.2261116504856 206
stats: users_count 0 207
stats: finish_users_count 1 207
stats: request 5 22.6242 12.689644430006696 326.604 5.299 20.363897506925216 1444
stats: tr_VIEW_Profile 1 20.924 0.0 81.084 10.461 21.373655339805826 206
stats: connect 0 0 0 24.917 0.994 1.9167971014492755 207
stats: tr_LOG_IN 1 13094.702 0.0 22311.485 58.076 3056.8424514563108 206
stats: tr_VIEW_TAG 1 34.613 0.0 193.437 14.436 27.812043689320387 206
stats: page 2 56.78 38.432 422.906 12.336 56.313116316639736 619
stats: tr_CREATE_TAG 1 50.832 0.0 370.051 21.958 43.98116019417475 206
stats: 302 2 414
stats: 200 3 1035
stats: size_rcv 171851 57683824
stats: newphase 0 2
stats: size_sent 3310 805654
stats: connected -1 0
EndMonitor:{1668,738318,367950}
