# stats: dump at 1668730157
stats: users 4 5
stats: {freemem,"tsung_controller@ip-172-31-62-231"} 1 670.81640625 0 670.81640625 670.81640625 0 0
stats: {load,"tsung_controller@ip-172-31-62-231"} 1 0.0703125 0 0.0703125 0.0703125 0 0
stats: {cpu,"tsung_controller@ip-172-31-62-231"} 1 3.6448544497209507 0 3.6448544497209507 3.6448544497209507 0 0
stats: session 7 1778.4312857142854 882.2681635071075 3101.031 550.426 0 0
stats: users_count 11 11
stats: finish_users_count 7 7
stats: request 56 18.42939285714286 28.607325158751223 206.807 4.96 0 0
stats: tr_VIEW_PROFILE 6 19.763833333333334 12.82262338494827 48.195 11.921 0 0
stats: connect 11 1.756454545454546 1.6681434080294377 7.025 1.152 0 0
stats: page 24 42.44016666666667 43.094707080903675 222.961 14.105 0 0
stats: 302 14 14
stats: tr_CREATE_POST 7 81.34528571428571 59.90473570765572 227.69 47.376 0 0
stats: 200 42 42
stats: tr_LOG_IN 7 1676.4331428571427 884.3796291220883 3027.236 476.623 0 0
stats: size_rcv 276966 276966
stats: size_sent 28980 28980
stats: connected 5 5
# stats: dump at 1668730167
stats: users 4 8
stats: {freemem,"tsung_controller@ip-172-31-62-231"} 1 670.24609375 0.0 670.81640625 670.24609375 670.81640625 1
stats: {load,"tsung_controller@ip-172-31-62-231"} 1 0.05859375 0.0 0.0703125 0.05859375 0.0703125 1
stats: {cpu,"tsung_controller@ip-172-31-62-231"} 1 0.5489021956087825 0.0 3.6448544497209507 0.5489021956087825 3.6448544497209507 1
stats: session 11 3868.8992727272725 2400.218377868946 7744.241 395.945 1778.4312857142854 7
stats: users_count 11 22
stats: finish_users_count 11 18
stats: request 78 15.59124358974359 10.021263214536528 206.807 4.96 18.42939285714286 56
stats: connect 11 1.5833636363636365 0.7510986223498667 7.025 1.137 1.756454545454546 11
stats: page 34 37.25523529411765 17.973644762882227 222.961 14.105 42.44016666666667 24
stats: tr_VIEW_PROFILE 12 18.584666666666664 7.951040711057194 48.195 11.388 19.763833333333334 6
stats: 302 22 36
stats: tr_CREATE_POST 11 61.243818181818185 20.36729865525609 227.69 41.139 81.34528571428571 7
stats: 200 56 98
stats: tr_LOG_IN 11 3786.5400000000004 2397.135869629686 7667.19 333.66 1676.4331428571427 7
stats: size_rcv 367771 644737
stats: size_sent 41879 70859
stats: connected -1 4
# stats: dump at 1668730177
stats: users 0 8
stats: {freemem,"tsung_controller@ip-172-31-62-231"} 1 662.80078125 0.0 670.81640625 662.80078125 670.53125 2
stats: {load,"tsung_controller@ip-172-31-62-231"} 1 0.05078125 0.0 0.0703125 0.05078125 0.064453125 2
stats: {cpu,"tsung_controller@ip-172-31-62-231"} 1 1.547678482276585 0.0 3.6448544497209507 0.5489021956087825 2.0968783226648666 2
stats: session 12 3788.316916666667 2071.3253503953074 7960.166 395.945 3055.9395 18
stats: users_count 8 30
stats: finish_users_count 12 30
stats: connect 8 1.375625 0.24977286556990147 7.025 1.137 1.6699090909090912 22
stats: tr_VIEW_PROFILE 12 18.398083333333332 11.849417654174216 52.061 10.147 18.97772222222222 18
stats: 302 24 60
stats: request 76 20.947447368421056 25.75678791697174 206.807 4.96 16.777335820895527 134
stats: page 32 50.18521875 46.37630564451419 222.961 14.105 39.400724137931036 58
stats: tr_CREATE_POST 12 89.24341666666668 67.82341399234035 247.068 38.873 69.06105555555555 18
stats: 200 52 150
stats: tr_LOG_IN 12 3678.6922500000005 2089.8963018106956 7861.31 333.66 2965.942888888889 18
stats: size_rcv 343136 987873
stats: size_sent 43430 114289
stats: connected -4 0
# stats: dump at 1668730187
stats: users 3 8
stats: {freemem,"tsung_controller@ip-172-31-62-231"} 1 670.109375 0.0 670.81640625 662.80078125 667.9544270833334 3
stats: {load,"tsung_controller@ip-172-31-62-231"} 1 0.0390625 0.0 0.0703125 0.0390625 0.059895833333333336 3
stats: {cpu,"tsung_controller@ip-172-31-62-231"} 1 1.1005502751375689 0.0 3.6448544497209507 0.5489021956087825 1.913811709202106 3
stats: session 13 1677.5475384615386 928.7897757286602 7960.166 261.104 3348.8904666666667 30
stats: users_count 16 46
stats: finish_users_count 13 43
stats: request 90 14.709544444444443 7.589023881254221 206.807 4.96 18.286519047619052 210
stats: page 39 34.46410256410257 12.558895621042874 222.961 14.105 43.23521111111111 90
stats: 302 24 84
stats: tr_VIEW_PROFILE 12 16.94375 7.608114813857197 52.061 10.147 18.745866666666664 30
stats: 200 66 216
stats: tr_CREATE_POST 12 56.763749999999995 9.81183235626761 247.068 38.873 77.134 30
stats: size_rcv 434007 1421880
stats: tr_LOG_IN 12 1422.895833333333 718.4800004822488 7861.31 185.096 3251.0426333333335 30
stats: newphase 1 1
stats: size_sent 47361 161650
stats: connected 3 3
stats: connect 15 1.3172 0.07474596979101948 7.025 1.137 1.5914333333333337 30
# stats: dump at 1668730197
stats: users 2 8
stats: {freemem,"tsung_controller@ip-172-31-62-231"} 1 667.69921875 0.0 670.81640625 662.80078125 668.4931640625 4
stats: {load,"tsung_controller@ip-172-31-62-231"} 1 0.0390625 0.0 0.0703125 0.0390625 0.0546875 4
stats: {cpu,"tsung_controller@ip-172-31-62-231"} 1 1.2468827930174564 0.0 3.6448544497209507 0.5489021956087825 1.7104963506859718 4
stats: session 11 3475.0158181818183 3061.573558356547 11710.923 261.104 2843.6007441860465 43
stats: users_count 10 56
stats: finish_users_count 11 54
stats: page 35 34.638685714285714 13.387679996968274 222.961 14.105 40.58348062015504 129
stats: request 82 14.5690487804878 8.139406129685502 206.807 4.96 17.213426666666667 300
stats: connect 11 1.7692727272727273 0.625407952810017 7.025 1.137 1.5000222222222224 45
stats: tr_VIEW_PROFILE 12 16.609999999999996 5.240612209783638 52.061 10.147 18.23097619047619 42
stats: 302 24 108
stats: tr_CREATE_POST 12 58.03041666666667 12.844805918206353 247.068 38.873 71.31392857142858 42
stats: 200 58 274
stats: tr_LOG_IN 12 3427.6864166666674 2932.5315385778736 11643.173 185.096 2728.7149761904766 42
stats: size_rcv 382134 1804014
stats: newphase 0 1
stats: size_sent 45206 206856
stats: connected -1 2
# stats: dump at 1668730207
stats: users 7 9
stats: {freemem,"tsung_controller@ip-172-31-62-231"} 1 666.70703125 0.0 670.81640625 662.80078125 668.334375 5
stats: {load,"tsung_controller@ip-172-31-62-231"} 1 0.03125 0.0 0.0703125 0.03125 0.0515625 5
stats: {cpu,"tsung_controller@ip-172-31-62-231"} 1 0.8517034068136272 0.0 3.6448544497209507 0.5489021956087825 1.6177736391522686 5
stats: session 17 2929.759764705883 2585.717788795815 11710.923 222.345 2972.222333333333 54
stats: users_count 22 78
stats: finish_users_count 17 71
stats: request 129 30.06276744186045 48.31838102771774 485.659 4.96 16.645785340314134 382
stats: connect 22 1.4333636363636364 0.48106553564641985 7.025 1.135 1.5529107142857144 56
stats: page 56 69.84566071428573 83.22680550787467 518.449 14.105 39.314774390243905 164
stats: tr_VIEW_PROFILE 17 28.683705882352942 23.05428748376499 97.81 10.147 17.87075925925926 54
stats: 302 34 142
stats: tr_CREATE_POST 17 137.70788235294114 136.87926348853077 597.748 38.873 68.36203703703704 54
stats: 200 95 369
stats: tr_LOG_IN 17 2761.3555882352944 2602.187495589772 11643.173 141.243 2884.041962962963 54
stats: size_rcv 624658 2428672
stats: newphase 0 1
stats: size_sent 67642 274498
stats: connected 5 7
# stats: dump at 1668730217
stats: users 7 13
stats: {freemem,"tsung_controller@ip-172-31-62-231"} 1 664.08984375 0.0 670.81640625 662.80078125 668.0631510416666 6
stats: {load,"tsung_controller@ip-172-31-62-231"} 1 0.01953125 0.0 0.0703125 0.01953125 0.048177083333333336 6
stats: {cpu,"tsung_controller@ip-172-31-62-231"} 1 1.2974051896207583 0.0 3.6448544497209507 0.5489021956087825 1.4900952670958283 6
stats: session 32 2463.97359375 2070.1841582250127 11710.923 119.168 2962.05523943662 71
stats: users_count 32 110
stats: finish_users_count 32 103
stats: request 222 19.128238738738737 19.36136796716909 485.659 4.96 20.03285127201565 511
stats: connect 31 1.5147741935483867 0.48594581602090225 7.025 1.079 1.519192307692308 78
stats: page 95 45.211273684210546 36.54261005526853 518.449 14.105 47.086272727272735 220
stats: tr_VIEW_PROFILE 32 19.4546875 11.843155347703744 97.81 10.083 20.459774647887325 71
stats: 302 64 206
stats: tr_CREATE_POST 32 80.27199999999996 56.41066186014838 597.748 38.873 84.96597183098591 71
stats: 200 158 527
stats: tr_LOG_IN 32 2362.1987812500006 2074.0539283184744 11643.173 37.363 2854.666352112676 71
stats: size_rcv 1041284 3469956
stats: newphase 1 2
stats: size_sent 121403 395901
stats: connected -1 6
# stats: dump at 1668730227
stats: users 14 16
stats: {freemem,"tsung_controller@ip-172-31-62-231"} 1 662.94921875 0.0 670.81640625 662.80078125 667.4955357142857 7
stats: {load,"tsung_controller@ip-172-31-62-231"} 1 0.01953125 0.0 0.0703125 0.01953125 0.04408482142857143 7
stats: {cpu,"tsung_controller@ip-172-31-62-231"} 1 1.9393336648433617 0.0 3.6448544497209507 0.5489021956087825 1.4625681131708181 7
stats: session 34 2622.98494117647 2223.5007035964436 11710.923 119.168 2807.3114271844665 103
stats: users_count 41 151
stats: finish_users_count 34 137
stats: connect 40 1.6477000000000004 0.6548691930454509 7.025 1.079 1.5179357798165138 109
stats: tr_VIEW_PROFILE 32 16.56496875 7.009365790160578 97.81 10.083 20.147514563106796 103
stats: request 243 14.517082304526747 8.26679286650831 485.659 4.96 19.758875852660296 733
stats: tr_CREATE_POST 32 58.30765625 15.029539791709723 597.748 38.873 83.50765048543688 103
stats: page 105 34.16247619047619 15.622713510475233 518.449 14.105 46.520796825396836 315
stats: tr_LOG_IN 33 2607.9706969696963 2229.7816493412397 11643.173 37.363 2701.6667184466023 103
stats: 302 65 271
stats: 200 178 705
stats: size_rcv 1175408 4645364
stats: newphase 0 2
stats: size_sent 128806 524707
stats: connected 8 14
# stats: dump at 1668730237
stats: users 15 20
stats: {freemem,"tsung_controller@ip-172-31-62-231"} 1 658.38671875 0.0 670.81640625 658.38671875 666.92724609375 8
stats: {load,"tsung_controller@ip-172-31-62-231"} 1 0.01953125 0.0 0.0703125 0.01953125 0.041015625 8
stats: {cpu,"tsung_controller@ip-172-31-62-231"} 1 1.543824701195219 0.0 3.6448544497209507 0.5489021956087825 1.5221638071298862 8
stats: session 36 3192.68725 2806.5194588648646 12038.81 112.114 2761.566167883212 137
stats: users_count 37 188
stats: finish_users_count 36 173
stats: request 264 14.540571969696964 8.210665887307934 485.659 4.96 18.4537981557377 976
stats: connect 39 1.4956410256410253 0.6059902041680757 7.025 1.079 1.5527718120805372 149
stats: page 113 34.38009734513276 14.110006032226277 518.449 14.105 43.43121666666668 420
stats: tr_VIEW_PROFILE 38 15.892078947368422 6.580612091117915 97.81 10.083 19.29831851851852 135
stats: tr_CREATE_POST 38 56.37697368421051 13.951938560808337 597.748 38.198 77.5343185185185 135
stats: 302 75 346
stats: tr_LOG_IN 37 3048.074486486486 2798.893162902471 11980.625 37.363 2678.9316544117646 136
stats: 200 190 895
stats: size_rcv 1249475 5894839
stats: newphase 0 2
stats: size_sent 142596 667303
stats: connected 1 15
# stats: dump at 1668730247
stats: users 1 20
stats: {freemem,"tsung_controller@ip-172-31-62-231"} 1 657.82421875 0.0 670.81640625 657.82421875 665.9782986111111 9
stats: {load,"tsung_controller@ip-172-31-62-231"} 1 0.01171875 0.0 0.0703125 0.01171875 0.038628472222222224 9
stats: {cpu,"tsung_controller@ip-172-31-62-231"} 1 1.2974051896207583 0.0 3.6448544497209507 0.5489021956087825 1.5245705731371453 9
stats: session 23 5632.440260869564 5078.771735052115 20058.118 112.114 2851.2792254335263 173
stats: users_count 9 197
stats: finish_users_count 23 196
stats: connect 9 1.345222222222222 0.08798204081613958 7.025 1.079 1.5409202127659574 188
stats: 302 46 392
stats: 200 87 982
stats: request 134 14.089552238805979 8.41880661994249 485.659 4.96 17.62065967741935 1240
stats: size_rcv 583493 6478332
stats: newphase 0 2
stats: size_sent 79716 747019
stats: connected -14 1
stats: page 56 34.258125 12.087410190333369 518.449 14.105 41.512311444652916 533
stats: tr_VIEW_PROFILE 23 14.064521739130434 3.8422028426815285 97.81 9.836 18.55012716763006 173
stats: tr_CREATE_POST 23 53.47673913043479 13.900819663719524 597.748 38.198 72.88704046242773 173
stats: tr_LOG_IN 23 5562.962391304348 5077.406907485456 20001.905 37.363 2757.8812774566472 173
# stats: dump at 1668730254
stats: users 0 20
stats: {freemem,"tsung_controller@ip-172-31-62-231"} 1 658.48828125 0.0 670.81640625 657.82421875 665.162890625 10
stats: {load,"tsung_controller@ip-172-31-62-231"} 1 0.01171875 0.0 0.0703125 0.01171875 0.0359375 10
stats: {cpu,"tsung_controller@ip-172-31-62-231"} 1 0.49975012493753124 0.0 3.6448544497209507 0.49975012493753124 1.5018540347855065 10
stats: session 1 20702.063 0.0 20702.063 112.114 3177.6399591836735 196
stats: users_count 0 197
stats: finish_users_count 1 197
stats: connect 0 0 0 7.025 1.079 1.531979695431472 197
stats: page 2 41.799499999999995 11.896499999999998 518.449 14.105 40.82260950764008 589
stats: 302 2 394
stats: request 5 16.633599999999998 8.688951481047644 485.659 4.96 17.276286754002907 1374
stats: 200 3 985
stats: size_rcv 20054 6498386
stats: newphase 0 2
stats: tr_VIEW_PROFILE 1 24.902 0.0 97.81 9.836 18.023755102040816 196
stats: size_sent 3233 750252
stats: tr_CREATE_POST 1 51.836 0.0 597.748 38.198 70.60930102040815 196
stats: connected -1 0
stats: tr_LOG_IN 1 20623.391 0.0 20623.391 37.363 3087.048959183673 196
EndMonitor:{1668,730254,562510}
