# stats: dump at 1668748090
stats: users 4 5
stats: {freemem,"tsung_controller@ip-172-31-62-231"} 1 667.8046875 0 667.8046875 667.8046875 0 0
stats: {load,"tsung_controller@ip-172-31-62-231"} 1 0.01953125 0 0.01953125 0.01953125 0 0
stats: {cpu,"tsung_controller@ip-172-31-62-231"} 1 0.37007000468558543 0 0.37007000468558543 0.37007000468558543 0 0
stats: session 11 1435.8105454545455 1282.3310143747358 4862.166 280.436 0 0
stats: users_count 15 15
stats: finish_users_count 11 11
stats: request 85 22.31451764705882 16.216728494774095 91.577 6.039 0 0
stats: page 37 83.92356756756757 49.340582318094675 182.762 14.716 0 0
stats: 302 22 22
stats: connect 15 2.024266666666667 2.6636446826773943 11.983 1.167 0 0
stats: tr_VIEW_Profile 11 17.43227272727273 6.554485793449318 36.116 12.279 0 0
stats: 200 63 63
stats: tr_LOG_IN 11 1340.1885454545454 1286.7339904670812 4782.158 194.864 0 0
stats: size_rcv 6182066 6182066
stats: tr_VIEW_TAG 11 37.05063636363636 17.96259550628233 91.691 23.052 0 0
stats: size_sent 43175 43175
stats: tr_CREATE_TAG 11 39.13218181818182 9.82003420488564 56.545 24.279 0 0
stats: connected 4 4
# stats: dump at 1668748100
stats: users 6 7
stats: {freemem,"tsung_controller@ip-172-31-62-231"} 1 640.59765625 0.0 667.8046875 640.59765625 667.8046875 1
stats: {load,"tsung_controller@ip-172-31-62-231"} 1 0.01171875 0.0 0.01953125 0.01171875 0.01953125 1
stats: {cpu,"tsung_controller@ip-172-31-62-231"} 1 7.848981619473423 0.0 7.848981619473423 0.37007000468558543 0.37007000468558543 1
stats: session 12 3417.2213333333334 2314.772464505109 8306.531 280.436 1435.8105454545455 11
stats: users_count 14 29
stats: finish_users_count 12 23
stats: connect 12 1.34575 0.23258802097270612 11.983 1.167 2.024266666666667 15
stats: page 32 75.81681249999998 46.28928528857777 191.487 14.372 83.92356756756757 37
stats: tr_VIEW_Profile 10 20.269299999999998 8.81532579148383 41.234 12.279 17.43227272727273 11
stats: 302 20 42
stats: request 74 20.739459459459464 14.970030363569547 91.577 6.039 22.31451764705882 85
stats: tr_LOG_IN 10 3243.431 2531.6343076845046 8227.859 194.864 1340.1885454545454 11
stats: 200 54 117
stats: tr_VIEW_TAG 10 39.7052 14.507182192279794 91.691 23.052 37.05063636363636 11
stats: size_rcv 5308502 11490568
stats: tr_CREATE_TAG 10 32.58890000000001 6.067791961661177 56.545 24.279 39.13218181818182 11
stats: size_sent 38330 81505
stats: connected 2 6
# stats: dump at 1668748110
stats: users 1 7
stats: {freemem,"tsung_controller@ip-172-31-62-231"} 1 639.72265625 0.0 667.8046875 639.72265625 654.201171875 2
stats: {load,"tsung_controller@ip-172-31-62-231"} 1 0.01171875 0.0 0.01953125 0.01171875 0.015625 2
stats: {cpu,"tsung_controller@ip-172-31-62-231"} 1 4.920477137176938 0.0 7.848981619473423 0.37007000468558543 4.109525812079505 2
stats: session 6 4422.144333333334 3194.7545656663337 8974.243 280.436 2469.5900869565216 23
stats: users_count 1 30
stats: finish_users_count 6 29
stats: connect 3 1.2363333333333333 0.046735663280007333 11.983 1.167 1.7227037037037038 27
stats: page 19 60.46252631578946 40.323963664522466 191.487 14.372 80.16391304347826 69
stats: 302 16 58
stats: request 46 19.790195652173917 12.983013868662937 91.577 6.039 21.581471698113205 159
stats: tr_VIEW_Profile 8 20.20775 7.449980717256924 41.234 12.279 18.783238095238094 21
stats: 200 30 147
stats: tr_LOG_IN 8 4178.166875 2790.8419213793013 8903.144 194.864 2246.4944761904762 21
stats: size_rcv 2714720 14205288
stats: tr_VIEW_TAG 8 38.09524999999999 9.660061668410815 91.691 23.052 38.31471428571428 21
stats: size_sent 26848 108353
stats: tr_CREATE_TAG 8 31.533125000000002 4.316835456601861 56.545 24.279 36.016333333333336 21
stats: connected -5 1
# stats: dump at 1668748120
stats: users 2 7
stats: {freemem,"tsung_controller@ip-172-31-62-231"} 1 660.15234375 0.0 667.8046875 639.72265625 649.375 3
stats: {load,"tsung_controller@ip-172-31-62-231"} 1 0.01171875 0.0 0.01953125 0.01171875 0.014322916666666666 3
stats: {cpu,"tsung_controller@ip-172-31-62-231"} 1 0.24975024975024976 0.0 7.848981619473423 0.24975024975024976 4.3798429204453155 3
stats: session 11 2885.781090909091 3067.200053752473 11283.963 280.436 2873.5668275862067 29
stats: users_count 12 42
stats: finish_users_count 11 40
stats: request 79 20.801886075949362 14.230169478684527 91.577 5.528 21.17952682926829 205
stats: connect 12 1.3374999999999997 0.07729758512829904 11.983 1.167 1.674066666666667 30
stats: page 34 75.97858823529411 46.47340773535261 199.011 14.372 75.91020454545453 88
stats: tr_VIEW_Profile 11 16.84763636363636 5.38600824143999 41.234 12.279 19.176206896551726 29
stats: 302 22 80
stats: tr_LOG_IN 11 2792.581 3051.4806937057474 11133.083 194.864 2779.369620689655 29
stats: 200 57 204
stats: tr_VIEW_TAG 11 36.50481818181817 13.177323530273043 91.691 23.052 38.2541724137931 29
stats: size_rcv 5669524 19874812
stats: tr_CREATE_TAG 11 37.721363636363634 8.252896794709855 56.545 24.279 34.77958620689655 29
stats: newphase 1 1
stats: size_sent 41508 149861
stats: connected 1 2
# stats: dump at 1668748130
stats: users 6 7
stats: {freemem,"tsung_controller@ip-172-31-62-231"} 1 649.53515625 0.0 667.8046875 639.72265625 652.0693359375 4
stats: {load,"tsung_controller@ip-172-31-62-231"} 1 0.01171875 0.0 0.01953125 0.01171875 0.013671875 4
stats: {cpu,"tsung_controller@ip-172-31-62-231"} 1 5.759682224428997 0.0 7.848981619473423 0.24975024975024976 3.347319752771549 4
stats: session 16 2959.110875 3733.63510538056 15001.462 280.436 2876.92575 40
stats: users_count 20 62
stats: finish_users_count 16 56
stats: request 111 19.367720720720726 13.213990474998626 91.577 5.528 21.074478873239435 284
stats: connect 17 1.288235294117647 0.090956052356111 11.983 1.166 1.5779047619047621 42
stats: page 48 79.38041666666669 57.296547325018246 240.13 13.743 75.92926229508195 122
stats: tr_VIEW_Profile 15 16.337133333333334 4.424848726102269 41.234 11.958 18.53585 40
stats: 302 31 111
stats: tr_LOG_IN 16 2873.5240625 3730.083747929855 14910.448 194.864 2783.00275 40
stats: 200 80 284
stats: tr_VIEW_TAG 15 33.1282 9.661803725323065 91.691 23.052 37.77309999999999 40
stats: size_rcv 8021817 27896629
stats: tr_CREATE_TAG 15 33.791866666666664 11.385625855242019 64.703 24.279 35.588575000000006 40
stats: newphase 0 1
stats: size_sent 58756 208617
stats: connected 2 4
# stats: dump at 1668748140
stats: users 7 9
stats: {freemem,"tsung_controller@ip-172-31-62-231"} 1 630.5625 0.0 667.8046875 630.5625 651.5625 5
stats: {load,"tsung_controller@ip-172-31-62-231"} 1 0.078125 0.0 0.078125 0.01171875 0.01328125 5
stats: {cpu,"tsung_controller@ip-172-31-62-231"} 1 9.556993529118966 0.0 9.556993529118966 0.24975024975024976 3.8297922471030383 5
stats: session 18 2743.0957222222223 2276.450643162626 15001.462 231.548 2900.4072142857144 56
stats: users_count 19 81
stats: finish_users_count 18 74
stats: request 128 19.3240390625 12.580016020832868 91.577 5.452 20.594858227848103 395
stats: connect 22 1.7008181818181818 1.2851985922368585 11.983 1.152 1.4944406779661017 59
stats: page 55 71.38087272727273 40.90843499553364 240.13 13.743 76.90370588235295 170
stats: tr_VIEW_Profile 18 16.076611111111117 2.951260693686473 41.234 11.687 17.9362 55
stats: tr_LOG_IN 17 2762.708882352941 2295.588737510652 14910.448 162.587 2808.865982142857 56
stats: tr_VIEW_TAG 18 31.457166666666662 6.681139051672087 91.691 23.052 36.506309090909085 55
stats: tr_CREATE_TAG 18 35.63394444444444 10.445890236367935 64.703 23.769 35.098563636363636 55
stats: 302 35 146
stats: 200 95 379
stats: size_rcv 9707273 37603902
stats: newphase 0 1
stats: size_sent 66194 274811
stats: connected 4 8
# stats: dump at 1668748150
stats: users 12 16
stats: {freemem,"tsung_controller@ip-172-31-62-231"} 1 634.74609375 0.0 667.8046875 630.5625 648.0625 6
stats: {load,"tsung_controller@ip-172-31-62-231"} 1 0.1484375 0.0 0.1484375 0.01171875 0.024088541666666668 6
stats: {cpu,"tsung_controller@ip-172-31-62-231"} 1 8.412145345943255 0.0 9.556993529118966 0.24975024975024976 4.784325794105693 6
stats: session 35 2620.4337428571434 1985.8590980171257 15001.462 215.186 2862.142256756757 74
stats: users_count 40 121
stats: finish_users_count 35 109
stats: request 253 25.767470355731245 20.657931309314264 143.17 5.452 20.283835564053536 523
stats: connect 37 1.9541351351351366 1.2793571477379668 11.983 1.114 1.5504938271604938 81
stats: page 109 98.62132110091743 67.2892464925793 273.776 13.743 75.55368 225
stats: tr_VIEW_Profile 35 25.643028571428566 15.334863408000764 83.865 11.687 17.477671232876713 73
stats: tr_LOG_IN 35 2501.571371428571 1983.3546393727265 14910.448 135.782 2798.117068493151 73
stats: tr_VIEW_TAG 35 45.16897142857143 25.452859760164714 143.521 23.052 35.26131506849315 73
stats: tr_CREATE_TAG 35 43.73002857142857 20.888020556544184 95.094 23.586 35.230575342465755 73
stats: 302 70 216
stats: 200 181 560
stats: size_rcv 19494296 57098198
stats: newphase 1 2
stats: size_sent 132110 406921
stats: connected 2 10
# stats: dump at 1668748160
stats: users 13 16
stats: {freemem,"tsung_controller@ip-172-31-62-231"} 1 612.875 0.0 667.8046875 612.875 646.16015625 7
stats: {load,"tsung_controller@ip-172-31-62-231"} 1 0.12109375 0.0 0.1484375 0.01171875 0.04185267857142857 7
stats: {cpu,"tsung_controller@ip-172-31-62-231"} 1 20.27902341803687 0.0 20.27902341803687 0.24975024975024976 5.302585730082488 7
stats: session 36 2399.8245 2454.4248301456664 15001.462 215.186 2784.529431192661 109
stats: users_count 37 158
stats: finish_users_count 36 145
stats: request 248 19.343971774193548 12.594400048908453 143.17 5.452 22.071670103092792 776
stats: tr_VIEW_Profile 34 16.405235294117656 4.031784184370806 83.865 11.687 20.123851851851853 108
stats: 302 68 284
stats: connect 40 1.5239249999999998 0.6812651608404763 11.983 1.107 1.6770593220338985 118
stats: tr_LOG_IN 34 2312.148411764705 2477.927288839797 14910.448 135.782 2702.0142962962964 108
stats: 200 180 740
stats: tr_VIEW_TAG 34 32.95150000000001 5.802877821797207 143.521 23.052 38.47212962962963 108
stats: size_rcv 20021655 77119853
stats: tr_CREATE_TAG 34 32.04449999999999 6.688572085588795 95.094 23.586 37.98502777777777 108
stats: newphase 0 2
stats: size_sent 129232 536153
stats: page 107 77.48537383177572 51.36153063080145 273.776 13.668 83.08174251497007 334
stats: connected 6 16
# stats: dump at 1668748170
stats: users 10 17
stats: {freemem,"tsung_controller@ip-172-31-62-231"} 1 620.3203125 0.0 667.8046875 612.875 641.99951171875 8
stats: {load,"tsung_controller@ip-172-31-62-231"} 1 0.25 0.0 0.25 0.01171875 0.0517578125 8
stats: {cpu,"tsung_controller@ip-172-31-62-231"} 1 19.196428571428573 0.0 20.27902341803687 0.24975024975024976 7.174640441076786 8
stats: session 42 3438.5947380952393 3395.848236448969 15001.462 215.186 2689.016482758621 145
stats: users_count 39 197
stats: finish_users_count 42 187
stats: request 303 20.667745874587446 14.667750081057786 143.17 5.33 21.411055664062506 1024
stats: connect 38 1.4110263157894731 0.39058859004827606 11.983 1.022 1.6382911392405064 158
stats: page 129 79.88514728682172 55.63066014795876 273.776 13.315 81.7238934240363 441
stats: tr_VIEW_Profile 45 16.799200000000003 5.328930455958722 83.865 11.158 19.23347887323944 142
stats: 302 90 374
stats: tr_LOG_IN 45 3248.540777777777 3326.476216049222 14910.448 135.782 2608.666126760563 142
stats: 200 213 953
stats: tr_VIEW_TAG 45 39.43702222222224 14.209101772359995 143.521 23.052 37.150288732394365 142
stats: size_rcv 24071246 101191099
stats: tr_CREATE_TAG 45 35.58704444444446 12.895350690083884 95.094 23.586 36.56264788732394 142
stats: newphase 0 2
stats: size_sent 163494 699647
stats: connected -7 9
# stats: dump at 1668748180
stats: users 1 17
stats: {freemem,"tsung_controller@ip-172-31-62-231"} 1 603.4609375 0.0 667.8046875 603.4609375 639.5907118055555 9
stats: {load,"tsung_controller@ip-172-31-62-231"} 1 0.44140625 0.0 0.44140625 0.01171875 0.07378472222222222 9
stats: {cpu,"tsung_controller@ip-172-31-62-231"} 1 20.4 0.0 20.4 0.24975024975024976 8.51039467778254 9
stats: session 16 5696.748374999999 3500.0425111880763 15001.462 215.186 2857.3709572192515 187
stats: users_count 7 204
stats: finish_users_count 16 203
stats: request 96 20.160197916666664 13.318723956348533 143.17 5.293 21.241332328560667 1327
stats: page 40 65.923875 44.74567115050766 273.776 13.315 81.30775614035089 570
stats: tr_VIEW_Profile 16 17.101937499999995 6.066131339955784 83.865 11.158 18.647689839572198 187
stats: connect 8 1.408375 0.20430977552481425 11.983 1.022 1.5942295918367346 196
stats: 302 32 406
stats: tr_LOG_IN 16 5605.402249999999 3493.096439653873 14910.448 135.782 2762.6466577540104 187
stats: 200 64 1017
stats: tr_VIEW_TAG 16 38.824625 10.915341055568303 143.521 23.052 37.70057219251337 187
stats: size_rcv 7118114 108309213
stats: tr_CREATE_TAG 16 33.3529375 10.068460343249793 95.094 23.491 36.327877005347595 187
stats: newphase 0 2
stats: size_sent 54919 754566
stats: connected -8 1
# stats: dump at 1668748188
stats: users 0 17
stats: {freemem,"tsung_controller@ip-172-31-62-231"} 1 645.8125 0.0 667.8046875 603.4609375 635.977734375 10
stats: {load,"tsung_controller@ip-172-31-62-231"} 1 0.37109375 0.0 0.44140625 0.01171875 0.110546875 10
stats: {cpu,"tsung_controller@ip-172-31-62-231"} 1 2.097902097902098 0.0 20.4 0.24975024975024976 9.699355210004285 10
stats: session 1 15099.178 0.0 15099.178 215.186 3081.1642512315275 203
stats: users_count 0 204
stats: finish_users_count 1 204
stats: tr_VIEW_Profile 1 13.007 0.0 83.865 11.158 18.525857142857145 203
stats: request 5 14.887199999999998 8.227325772084146 143.17 5.293 21.168395643007734 1423
stats: connect 0 0 0 11.983 1.022 1.586941176470588 204
stats: page 2 37.472 22.884999999999998 273.776 13.315 80.29897704918035 610
stats: 302 2 408
stats: tr_LOG_IN 1 15029.132 0.0 15029.132 135.782 2986.7062118226595 203
stats: 200 3 1020
stats: tr_VIEW_TAG 1 29.365 0.0 143.521 23.052 37.789167487684736 203
stats: size_rcv 303074 108612287
stats: tr_CREATE_TAG 1 25.69 0.0 95.094 23.491 36.09339901477833 203
stats: newphase 0 2
stats: size_sent 3174 757740
stats: connected -1 0
EndMonitor:{1668,748188,41406}
