# stats: dump at 1668749606
stats: users 5 5
stats: {freemem,"tsung_controller@ip-172-31-62-231"} 1 667.34375 0 667.34375 667.34375 0 0
stats: {load,"tsung_controller@ip-172-31-62-231"} 1 0.0 0 0.0 0.0 0 0
stats: {cpu,"tsung_controller@ip-172-31-62-231"} 1 0.3948116845794879 0 0.3948116845794879 0.3948116845794879 0 0
stats: session 5 1754.9824 1369.7048964071932 4019.489 554.456 0 0
stats: users_count 10 10
stats: finish_users_count 5 5
stats: tr_VIEW_Profile 5 18.849 6.547872539993429 30.757 12.677 0 0
stats: 302 10 10
stats: request 43 23.474604651162796 15.334597203768963 69.417 5.876 0 0
stats: tr_LOG_IN 5 1661.0732 1382.287966226922 3937.825 441.432 0 0
stats: 200 33 33
stats: tr_CREATE_TAG 5 33.8058 10.034748973442232 53.797 27.778 0 0
stats: size_rcv 4166203 4166203
stats: tr_VIEW_TAG 5 39.132600000000004 15.323097005501209 69.561 29.078 0 0
stats: size_sent 20872 20872
stats: connected 4 4
stats: connect 9 1.9881111111111107 1.4690719250559705 6.033 1.217 0 0
stats: page 19 115.00978947368422 81.92173403128452 281.385 14.811 0 0
# stats: dump at 1668749616
stats: users 5 11
stats: {freemem,"tsung_controller@ip-172-31-62-231"} 1 622.09375 0.0 667.34375 622.09375 667.34375 1
stats: {load,"tsung_controller@ip-172-31-62-231"} 1 0.078125 0.0 0.078125 0.0 0.0 1
stats: {cpu,"tsung_controller@ip-172-31-62-231"} 1 5.591291439881247 0.0 5.591291439881247 0.3948116845794879 0.3948116845794879 1
stats: session 12 4460.941833333333 3509.2322038050056 13268.561 420.663 1754.9824 5
stats: users_count 12 22
stats: finish_users_count 12 17
stats: request 86 24.78931395348837 16.76806969327843 80.845 5.757 23.474604651162796 43
stats: page 37 95.37937837837839 59.16564979753826 281.385 14.22 115.00978947368422 19
stats: connect 13 1.8694615384615387 1.4014518634058706 6.375 1.149 1.9881111111111107 9
stats: tr_VIEW_Profile 12 22.351666666666663 5.730687165505451 34.578 12.046 18.849 5
stats: 302 24 34
stats: tr_LOG_IN 12 4346.432416666667 3502.607552755672 13138.657 302.93 1661.0732 5
stats: 200 62 95
stats: tr_CREATE_TAG 12 41.947250000000004 14.050011578435324 74.349 27.393 33.8058 5
stats: size_rcv 7530789 11696992
stats: tr_VIEW_TAG 12 48.21175 12.698556165466213 75.607 29.078 39.132600000000004 5
stats: size_sent 45193 66065
stats: connected 1 5
# stats: dump at 1668749626
stats: users 0 11
stats: {freemem,"tsung_controller@ip-172-31-62-231"} 1 629.53125 0.0 667.34375 622.09375 644.71875 2
stats: {load,"tsung_controller@ip-172-31-62-231"} 1 0.0703125 0.0 0.078125 0.0 0.0390625 2
stats: {cpu,"tsung_controller@ip-172-31-62-231"} 1 7.025411061285501 0.0 7.025411061285501 0.3948116845794879 2.9930515622303675 2
stats: session 6 6207.6253333333325 4210.93838589388 13379.054 420.663 3665.0714117647053 17
stats: users_count 1 23
stats: finish_users_count 6 23
stats: request 32 22.56184375000001 16.799655770486368 80.845 5.757 24.351077519379846 129
stats: page 13 69.07484615384615 57.205280213316186 281.385 14.22 102.03969642857143 56
stats: tr_VIEW_Profile 6 21.016333333333332 8.698008807895187 39.337 12.046 21.321470588235293 17
stats: connect 1 1.301 0.0 6.375 1.149 1.918 22
stats: 302 12 46
stats: tr_LOG_IN 6 6099.743833333334 4205.0598007771705 13255.063 302.93 3556.620882352942 17
stats: 200 20 115
stats: tr_CREATE_TAG 6 35.6435 10.867163885608178 74.349 27.393 39.552705882352946 17
stats: size_rcv 2160180 13857172
stats: tr_VIEW_TAG 6 49.32533333333333 11.725668504988908 75.607 29.078 45.541411764705884 17
stats: size_sent 19500 85565
stats: connected -5 0
# stats: dump at 1668749636
stats: users 8 11
stats: {freemem,"tsung_controller@ip-172-31-62-231"} 1 639.2734375 0.0 667.34375 622.09375 639.65625 3
stats: {load,"tsung_controller@ip-172-31-62-231"} 1 0.05859375 0.0 0.078125 0.0 0.049479166666666664 3
stats: {cpu,"tsung_controller@ip-172-31-62-231"} 1 2.2988505747126435 0.0 7.025411061285501 0.3948116845794879 4.337171395248745 3
stats: session 12 1803.3786666666667 1581.0547068931196 13379.054 385.592 4328.3463478260865 23
stats: users_count 20 43
stats: finish_users_count 12 35
stats: request 91 21.18171428571427 16.423529983750704 88.497 5.739 23.995453416149072 161
stats: connect 19 1.289578947368421 0.07758683813330418 6.375 1.149 1.8911739130434781 23
stats: page 40 101.39557499999998 74.55733206864619 281.385 12.959 95.82892753623189 69
stats: tr_VIEW_Profile 11 16.383 3.8569468613022257 39.337 12.013 21.241869565217392 23
stats: 302 22 68
stats: tr_LOG_IN 11 1294.8624545454547 735.4103569554476 13255.063 302.93 4220.044260869566 23
stats: 200 70 185
stats: tr_CREATE_TAG 11 30.069818181818185 3.855122349625043 74.349 24.859 38.53291304347827 23
stats: size_rcv 8859010 22716182
stats: tr_VIEW_TAG 11 33.657999999999994 3.662179356116197 75.607 28.619 46.52852173913043 23
stats: newphase 1 1
stats: size_sent 44960 130525
stats: connected 8 8
# stats: dump at 1668749646
stats: users 6 12
stats: {freemem,"tsung_controller@ip-172-31-62-231"} 1 604.13671875 0.0 667.34375 604.13671875 639.560546875 4
stats: {load,"tsung_controller@ip-172-31-62-231"} 1 0.12890625 0.0 0.12890625 0.0 0.0517578125 4
stats: {cpu,"tsung_controller@ip-172-31-62-231"} 1 12.195121951219512 0.0 12.195121951219512 0.3948116845794879 3.82759119011472 4
stats: session 22 3051.731136363637 2359.3718590227913 13379.054 313.667 3462.6431428571423 35
stats: users_count 20 63
stats: finish_users_count 22 57
stats: request 154 23.76113636363637 17.390185620716167 88.497 5.43 22.97938095238095 252
stats: connect 21 1.620095238095238 0.5774987862087352 6.375 1.149 1.6190238095238094 42
stats: page 66 101.04753030303033 85.54680057797529 377.08 12.959 97.87173394495413 109
stats: tr_VIEW_Profile 22 19.33118181818182 9.053008041712204 44.619 12.013 19.66988235294118 34
stats: tr_LOG_IN 22 2989.107954545454 2421.5462785410195 13255.063 229.477 3273.6619117647065 34
stats: tr_CREATE_TAG 22 39.81222727272728 17.436881012622273 90.1 22.824 35.79485294117647 34
stats: tr_VIEW_TAG 22 42.409181818181814 15.271693564584723 85.258 28.619 42.3645294117647 34
stats: 302 44 112
stats: 200 109 294
stats: size_rcv 13703675 36419857
stats: newphase 0 1
stats: size_sent 81796 212321
stats: connected -1 7
# stats: dump at 1668749656
stats: users 7 12
stats: {freemem,"tsung_controller@ip-172-31-62-231"} 1 602.8125 0.0 667.34375 602.8125 632.47578125 5
stats: {load,"tsung_controller@ip-172-31-62-231"} 1 0.1796875 0.0 0.1796875 0.0 0.0671875 5
stats: {cpu,"tsung_controller@ip-172-31-62-231"} 1 11.750123946455131 0.0 12.195121951219512 0.3948116845794879 5.501097342335679 5
stats: session 20 3951.5977499999985 2929.0941217589243 13379.054 313.667 3304.045526315789 57
stats: users_count 21 84
stats: finish_users_count 20 77
stats: request 143 25.080888111888108 18.333425922544073 97.189 5.43 23.275908866995074 406
stats: connect 19 1.9831578947368418 1.4161792282928736 6.375 1.149 1.6193809523809521 63
stats: page 61 98.81877049180328 79.20926523330326 437.311 12.959 99.06946285714287 175
stats: tr_VIEW_Profile 21 23.237714285714286 9.879899103701401 48.84 12.013 19.536821428571432 56
stats: 302 42 154
stats: tr_LOG_IN 21 3915.0069047619045 2874.0906719106974 13255.063 229.477 3161.8728571428574 56
stats: 200 101 395
stats: tr_CREATE_TAG 21 42.105 21.720688816579152 122.636 22.824 37.373107142857144 56
stats: size_rcv 12739887 49159744
stats: tr_VIEW_TAG 21 46.69833333333332 16.145582071040316 99.342 28.619 42.38207142857142 56
stats: newphase 0 1
stats: size_sent 76942 289263
stats: connected -2 5
# stats: dump at 1668749666
stats: users 10 12
stats: {freemem,"tsung_controller@ip-172-31-62-231"} 1 631.28515625 0.0 667.34375 602.8125 627.5319010416666 6
stats: {load,"tsung_controller@ip-172-31-62-231"} 1 0.1484375 0.0 0.1796875 0.0 0.0859375 6
stats: {cpu,"tsung_controller@ip-172-31-62-231"} 1 11.342248637939575 0.0 12.195121951219512 0.3948116845794879 6.542601776355588 6
stats: session 20 2128.0764499999996 1116.4974466346746 13379.054 313.667 3472.240909090908 77
stats: users_count 23 107
stats: finish_users_count 20 97
stats: request 141 23.701673758865237 17.23895335244843 97.189 5.43 23.746058287795993 549
stats: connect 23 1.5498260869565221 0.6931830583352057 6.375 1.146 1.7036707317073168 82
stats: page 61 98.35621311475407 65.07410430515749 437.311 12.959 99.0046652542373 236
stats: tr_VIEW_Profile 19 20.30684210526316 8.478608067633681 48.84 11.807 20.546155844155845 77
stats: 302 38 192
stats: tr_LOG_IN 19 1971.6093684210527 1118.5979344533432 13255.063 229.477 3367.273051948052 77
stats: 200 103 498
stats: tr_CREATE_TAG 19 40.953210526315786 18.162943824631824 122.636 22.824 38.66362337662338 77
stats: size_rcv 13602932 62762676
stats: tr_VIEW_TAG 19 42.25863157894738 11.782107153201803 99.342 28.619 43.55923376623376 77
stats: newphase 1 2
stats: size_sent 72836 362099
stats: connected 4 9
# stats: dump at 1668749676
stats: users 14 19
stats: {freemem,"tsung_controller@ip-172-31-62-231"} 1 631.625 0.0 667.34375 602.8125 628.0680803571429 7
stats: {load,"tsung_controller@ip-172-31-62-231"} 1 0.19921875 0.0 0.19921875 0.0 0.09486607142857142 7
stats: {cpu,"tsung_controller@ip-172-31-62-231"} 1 14.842578710644677 0.0 14.842578710644677 0.3948116845794879 7.228265613724729 7
stats: session 40 2202.2539249999995 2257.2436743383 13379.054 266.509 3195.0935979381434 97
stats: users_count 44 151
stats: finish_users_count 40 137
stats: request 295 24.087067796610174 18.046468460817152 114.585 5.387 23.736988405797096 690
stats: connect 45 1.516822222222222 0.6156143196980428 6.375 1.112 1.6699714285714284 105
stats: page 127 97.4632440944882 68.37670447431044 437.311 12.959 98.87148148148148 297
stats: 302 82 274
stats: tr_VIEW_Profile 41 18.253365853658533 5.968625832598802 48.84 11.156 20.498791666666666 96
stats: 200 213 711
stats: tr_LOG_IN 41 2115.357756097561 2230.3722826122475 13255.063 182.6 3091.0479479166665 96
stats: size_rcv 28672661 91435337
stats: tr_CREATE_TAG 41 42.56404878048782 20.369363696793638 122.636 22.824 39.116770833333334 96
stats: newphase 0 2
stats: tr_VIEW_TAG 41 45.68641463414635 15.953635560854659 114.677 28.619 43.30182291666667 96
stats: size_sent 154600 516699
stats: connected 4 13
# stats: dump at 1668749686
stats: users 13 19
stats: {freemem,"tsung_controller@ip-172-31-62-231"} 1 591.3046875 0.0 667.34375 591.3046875 628.5126953125 8
stats: {load,"tsung_controller@ip-172-31-62-231"} 1 0.171875 0.0 0.19921875 0.0 0.10791015625 8
stats: {cpu,"tsung_controller@ip-172-31-62-231"} 1 26.480836236933797 0.0 26.480836236933797 0.3948116845794879 8.180054750839723 8
stats: session 43 3083.850046511627 2641.1277969681896 13379.054 266.509 2905.2134014598532 137
stats: users_count 42 193
stats: finish_users_count 43 180
stats: request 292 32.09677739726029 32.31479392167693 226.095 5.387 23.841834517766493 985
stats: connect 42 1.70497619047619 1.1052632629312744 7.401 1.112 1.6240266666666665 150
stats: tr_VIEW_Profile 42 26.86990476190477 20.962703613810255 104.881 11.156 19.82680291970803 137
stats: page 125 114.89741599999996 86.32761988908848 437.311 12.959 98.4496745283019 424
stats: 302 84 358
stats: tr_LOG_IN 42 2973.68430952381 2652.0311166102524 13255.063 153.848 2799.053072992701 137
stats: 200 209 920
stats: tr_CREATE_TAG 42 58.31780952380952 43.67482246494737 201.597 22.824 40.14843795620439 137
stats: size_rcv 28723115 120158452
stats: tr_VIEW_TAG 42 58.65719047619049 34.305030365710074 198.729 28.619 44.0154598540146 137
stats: newphase 0 2
stats: size_sent 155578 672277
stats: connected 0 13
# stats: dump at 1668749696
stats: users 2 21
stats: {freemem,"tsung_controller@ip-172-31-62-231"} 1 578.53125 0.0 667.34375 578.53125 624.3784722222222 9
stats: {load,"tsung_controller@ip-172-31-62-231"} 1 0.21875 0.0 0.21875 0.0 0.1150173611111111 9
stats: {cpu,"tsung_controller@ip-172-31-62-231"} 1 29.65174129353234 0.0 29.65174129353234 0.3948116845794879 10.213474915961287 9
stats: session 27 4165.321888888889 3064.9933692612863 13379.054 266.509 2947.887711111111 180
stats: users_count 16 209
stats: finish_users_count 27 207
stats: page 74 112.9593648648649 102.71808465572094 437.311 12.959 102.19460655737704 549
stats: 302 56 414
stats: request 176 28.449875000000006 23.726813509964796 226.095 5.29 25.72941738449491 1277
stats: connect 17 2.741705882352941 3.10068398079987 11.7 1.023 1.6417343749999997 192
stats: tr_VIEW_Profile 28 23.69346428571428 10.618304998183033 104.881 11.156 21.47937430167598 179
stats: 200 119 1039
stats: tr_LOG_IN 28 3942.1232857142863 3018.481953991737 13255.063 153.848 2840.0280000000002 179
stats: size_rcv 16401941 136560393
stats: tr_CREATE_TAG 28 45.85082142857143 20.672042682006143 201.597 22.824 44.411642458100566 179
stats: newphase 0 2
stats: tr_VIEW_TAG 28 58.62399999999999 25.713182650150493 198.729 28.619 47.450949720670394 179
stats: size_sent 98155 770432
stats: connected -11 2
# stats: dump at 1668749704
stats: users 0 21
stats: {freemem,"tsung_controller@ip-172-31-62-231"} 1 640.546875 0.0 667.34375 578.53125 619.79375 10
stats: {load,"tsung_controller@ip-172-31-62-231"} 1 0.1796875 0.0 0.21875 0.0 0.125390625 10
stats: {cpu,"tsung_controller@ip-172-31-62-231"} 1 8.581349206349206 0.0 29.65174129353234 0.3948116845794879 12.157301553718392 10
stats: session 2 11423.5175 2233.076499999999 13656.594 266.509 3106.6834734299514 207
stats: users_count 0 209
stats: finish_users_count 2 209
stats: page 4 64.85375 46.308830218301786 437.311 12.959 103.4732455858748 623
stats: 302 4 418
stats: request 10 25.8341 19.207149358767428 226.095 5.29 26.058942876806608 1453
stats: connect 0 0 0 11.7 1.023 1.731205741626794 209
stats: 200 6 1045
stats: size_rcv 732605 137292998
stats: newphase 0 2
stats: tr_VIEW_Profile 2 24.472 7.291999999999999 104.881 11.156 21.778864734299518 207
stats: size_sent 6278 776710
stats: tr_LOG_IN 2 11299.497500000001 2219.377499999999 13518.875 153.848 2989.1036908212564 207
stats: connected -2 0
stats: tr_CREATE_TAG 2 36.5385 5.526499999999999 201.597 22.824 44.606314009661844 207
stats: tr_VIEW_TAG 2 61.028999999999996 0.9509999999999987 198.729 28.619 48.96228019323672 207
EndMonitor:{1668,749704,382551}
